app/manifest-merger-release-report.txt
-- Merging decision tree log ---
manifest
ADDED from AndroidManifest.xml:2:1
	xmlns:android
		ADDED from AndroidManifest.xml:2:11
	package
		ADDED from AndroidManifest.xml:3:5
		INJECTED from AndroidManifest.xml:0:0
		INJECTED from AndroidManifest.xml:0:0
	android:versionName
		INJECTED from AndroidManifest.xml:0:0
		INJECTED from AndroidManifest.xml:0:0
	android:versionCode
		INJECTED from AndroidManifest.xml:0:0
		INJECTED from AndroidManifest.xml:0:0
uses-permission#android.permission.INTERNET
ADDED from AndroidManifest.xml:5:5
	android:name
		ADDED from AndroidManifest.xml:5:22
uses-permission#android.permission.ACCESS_NETWORK_STATE
ADDED from AndroidManifest.xml:6:5
	android:name
		ADDED from AndroidManifest.xml:6:22
application
ADDED from AndroidManifest.xml:8:5
MERGED from com.android.support:appcompat-v7:22.0.0:22:5
MERGED from com.android.support:support-v4:22.0.0:22:5
MERGED from com.journeyapps:zxing-android-embedded:2.1.0:48:5
MERGED from com.journeyapps:zxing-android-legacy:2.1.0:49:5
MERGED from com.journeyapps:zxing-android-integration:2.1.0:9:5
MERGED from com.android.support:support-v4:22.0.0:22:5
	android:label
		ADDED from AndroidManifest.xml:11:9
	android:allowBackup
		ADDED from AndroidManifest.xml:9:9
	android:icon
		ADDED from AndroidManifest.xml:10:9
	android:theme
		ADDED from AndroidManifest.xml:12:9
activity#com.tseapp.paperbind.customerscanning.MainActivity
ADDED from AndroidManifest.xml:13:9
	android:label
		ADDED from AndroidManifest.xml:15:13
	android:name
		ADDED from AndroidManifest.xml:14:13
intent-filter#android.intent.action.MAIN+android.intent.category.LAUNCHER
ADDED from AndroidManifest.xml:16:13
action#android.intent.action.MAIN
ADDED from AndroidManifest.xml:17:17
	android:name
		ADDED from AndroidManifest.xml:17:25
category#android.intent.category.LAUNCHER
ADDED from AndroidManifest.xml:19:17
	android:name
		ADDED from AndroidManifest.xml:19:27
uses-sdk
INJECTED from AndroidManifest.xml:0:0 reason: use-sdk injection requested
MERGED from com.android.support:appcompat-v7:22.0.0:20:5
MERGED from com.android.support:support-v4:22.0.0:20:5
MERGED from com.journeyapps:zxing-android-embedded:2.1.0:19:5
MERGED from com.journeyapps:zxing-android-legacy:2.1.0:20:5
MERGED from com.journeyapps:zxing-android-integration:2.1.0:5:5
MERGED from com.android.support:support-v4:22.0.0:20:5
	android:targetSdkVersion
		INJECTED from AndroidManifest.xml:0:0
		INJECTED from AndroidManifest.xml:0:0
	android:minSdkVersion
		INJECTED from AndroidManifest.xml:0:0
		INJECTED from AndroidManifest.xml:0:0
uses-permission#android.permission.CAMERA
ADDED from com.journeyapps:zxing-android-embedded:2.1.0:23:5
MERGED from com.journeyapps:zxing-android-legacy:2.1.0:24:5
	android:name
		ADDED from com.journeyapps:zxing-android-embedded:2.1.0:23:22
uses-feature#android.hardware.camera
ADDED from com.journeyapps:zxing-android-embedded:2.1.0:26:5
MERGED from com.journeyapps:zxing-android-legacy:2.1.0:27:5
	android:required
		ADDED from com.journeyapps:zxing-android-embedded:2.1.0:28:9
	android:name
		ADDED from com.journeyapps:zxing-android-embedded:2.1.0:27:9
uses-feature#android.hardware.camera.front
ADDED from com.journeyapps:zxing-android-embedded:2.1.0:29:5
MERGED from com.journeyapps:zxing-android-legacy:2.1.0:30:5
	android:required
		ADDED from com.journeyapps:zxing-android-embedded:2.1.0:31:9
	android:name
		ADDED from com.journeyapps:zxing-android-embedded:2.1.0:30:9
uses-feature#android.hardware.camera.autofocus
ADDED from com.journeyapps:zxing-android-embedded:2.1.0:34:5
MERGED from com.journeyapps:zxing-android-legacy:2.1.0:35:5
	android:required
		ADDED from com.journeyapps:zxing-android-embedded:2.1.0:36:9
	android:name
		ADDED from com.journeyapps:zxing-android-embedded:2.1.0:35:9
uses-feature#android.hardware.camera.flash
ADDED from com.journeyapps:zxing-android-embedded:2.1.0:37:5
MERGED from com.journeyapps:zxing-android-legacy:2.1.0:38:5
	android:required
		ADDED from com.journeyapps:zxing-android-embedded:2.1.0:39:9
	android:name
		ADDED from com.journeyapps:zxing-android-embedded:2.1.0:38:9
uses-feature#android.hardware.screen.landscape
ADDED from com.journeyapps:zxing-android-embedded:2.1.0:40:5
MERGED from com.journeyapps:zxing-android-legacy:2.1.0:41:5
	android:required
		ADDED from com.journeyapps:zxing-android-embedded:2.1.0:42:9
	android:name
		ADDED from com.journeyapps:zxing-android-embedded:2.1.0:41:9
uses-feature#android.hardware.wifi
ADDED from com.journeyapps:zxing-android-embedded:2.1.0:43:5
MERGED from com.journeyapps:zxing-android-legacy:2.1.0:44:5
	android:required
		ADDED from com.journeyapps:zxing-android-embedded:2.1.0:45:9
	android:name
		ADDED from com.journeyapps:zxing-android-embedded:2.1.0:44:9
activity#com.google.zxing.client.android.CaptureActivity
ADDED from com.journeyapps:zxing-android-embedded:2.1.0:49:9
	android:windowSoftInputMode
		ADDED from com.journeyapps:zxing-android-embedded:2.1.0:55:13
	android:screenOrientation
		ADDED from com.journeyapps:zxing-android-embedded:2.1.0:52:13
	android:theme
		ADDED from com.journeyapps:zxing-android-embedded:2.1.0:54:13
	android:stateNotNeeded
		ADDED from com.journeyapps:zxing-android-embedded:2.1.0:53:13
	android:clearTaskOnLaunch
		ADDED from com.journeyapps:zxing-android-embedded:2.1.0:51:13
	android:name
		ADDED from com.journeyapps:zxing-android-embedded:2.1.0:50:13
activity#com.google.zxing.client.androidlegacy.CaptureActivity
ADDED from com.journeyapps:zxing-android-legacy:2.1.0:50:9
	android:windowSoftInputMode
		ADDED from com.journeyapps:zxing-android-legacy:2.1.0:57:13
	android:screenOrientation
		ADDED from com.journeyapps:zxing-android-legacy:2.1.0:54:13
	android:configChanges
		ADDED from com.journeyapps:zxing-android-legacy:2.1.0:53:13
	android:theme
		ADDED from com.journeyapps:zxing-android-legacy:2.1.0:56:13
	android:stateNotNeeded
		ADDED from com.journeyapps:zxing-android-legacy:2.1.0:55:13
	android:clearTaskOnLaunch
		ADDED from com.journeyapps:zxing-android-legacy:2.1.0:52:13
	android:name
		ADDED from com.journeyapps:zxing-android-legacy:2.1.0:51:13